Warning: Gym version v0.24.0 has a number of critical issues with `gym.make` such that the `reset` and `step` functions are called before returning the environment. It is recommend to downgrading to v0.23.1 or upgrading to v0.25.1
2024-03-13 04:58:48.561881: I tensorflow/core/platform/cpu_feature_guard.cc:151] This TensorFlow binary is optimized with oneAPI Deep Neural Network Library (oneDNN) to use the following CPU instructions in performance-critical operations:  AVX2 AVX512F FMA
To enable them in other operations, rebuild TensorFlow with the appropriate compiler flags.
2024-03-13 04:58:53.335748: I tensorflow/core/common_runtime/gpu/gpu_device.cc:1525] Created device /job:localhost/replica:0/task:0/device:GPU:0 with 30989 MB memory:  -> device: 0, name: Tesla V100-SXM2-32GB, pci bus id: 0000:86:00.0, compute capability: 7.0
2024-03-13 04:58:58.296797: I tensorflow/stream_executor/cuda/cuda_dnn.cc:368] Loaded cuDNN version 8200
==== Experiment:  DRQN_PSO_F6
==== Args used:
Namespace(network_type='DRQN', algorithm='PSO', func_num=6, num_actions=3, num_episodes=20, num_swarm_obs_intervals=10, swarm_obs_interval_length=30, policy='ExponentialDecayGreedyEpsilon', train=True, steps=20000)
==== Remaining (Unknown) Args:
[]
>> Training mode. Number of Steps to Train: 20000
>> Evaluation Interval: 500
>> Logging Interval: 200
>> Number of Episodes per Iteration: 20
=== Function Evaluation Budget: 30 dimensions x 10 000/dim = 300000 Function Evaluations
=== Observations Per Episode: 10 Number of Swarm Observation Intervals per Episode x 30 Number of Observations in each Interval  = 300  Observations per Episode
=== Function Evaluation Allocation: 50 Swarm Size (# Particles) x 20 Episodes x 300 Observations per Episode  = 300000 Function Evaluations

num_actions: 3
Action #1 Description: Do nothing
Action #2 Description: Decrease Threshold for Replacement
Action #3 Description: Increase Threshold for Replacement
Step #1 Reward:-68.60761743783951 Current Epsilon: 0.9962826167820654
Step #2 Reward:-73.81144628030597 Current Epsilon: 0.9923846606665648
Step #3 Reward:-13.077361472242046 Current Epsilon: 0.9885021099344907
Step #4 Reward:-0.12316977418959141 Current Epsilon: 0.9846349037011559
Step #5 Reward:-13.757582284815726 Current Epsilon: 0.9807829813225
Step #6 Reward:-26.407414771754816 Current Epsilon: 0.9769462823941378
Step #7 Reward:-3.0528924092650414 Current Epsilon: 0.9731247467504132
Step #8 Reward:-0.8647180199623108 Current Epsilon: 0.9693183144634541
Step #9 Reward:-4.012028986122459 Current Epsilon: 0.9655269258422341
Step #10 Reward:-26.407417364339267 Current Epsilon: 0.9617505214316359
Step #11 Reward:-13.752133572833145 Current Epsilon: 0.9579890420115184
Step #12 Reward:-9.625930234557018 Current Epsilon: 0.954242428595789
Step #13 Reward:-26.407418589574036 Current Epsilon: 0.9505106224314781
Step #14 Reward:-9.660946664051153 Current Epsilon: 0.9467935649978174
Step #15 Reward:-71.27086117863655 Current Epsilon: 0.9430911980053232
Step #16 Reward:-13.752136287804774 Current Epsilon: 0.9394034633948811
Step #17 Reward:-4.247542717959732 Current Epsilon: 0.9357303033368366
Step #18 Reward:-13.752134517029504 Current Epsilon: 0.9320716602300876
Step #19 Reward:-9.623953967064153 Current Epsilon: 0.9284274767011814
Step #20 Reward:-10.514648588199634 Current Epsilon: 0.9247976956034152
Step #21 Reward:-10.635489605367184 Current Epsilon: 0.9211822600159388
Step #22 Reward:-11.060314225731418 Current Epsilon: 0.9175811132428637
Step #23 Reward:-9.623848793395155 Current Epsilon: 0.913994198812373
Step #24 Reward:-26.407417776396983 Current Epsilon: 0.9104214604758355
Step #25 Reward:-10.543244282816886 Current Epsilon: 0.9068628422069248
Step #26 Reward:-71.07377031445503 Current Epsilon: 0.9033182882007396
Step #27 Reward:-11.958918967038699 Current Epsilon: 0.8997877428729292
Step #28 Reward:-1.671006236847461e-05 Current Epsilon: 0.8962711508588216
Step #29 Reward:-8.698371484875679 Current Epsilon: 0.8927684570125554
Step #30 Reward:-10.96466630930081 Current Epsilon: 0.889279606406215
Step #31 Reward:-13.752391268033534 Current Epsilon: 0.8858045443289692
Step #32 Reward:-9.625428952975199 Current Epsilon: 0.8823432162862134
Step #33 Reward:-9.672271698713303 Current Epsilon: 0.8788955679987149
Step #34 Reward:-0.2571400813758373 Current Epsilon: 0.8754615454017615
Step #35 Reward:-26.40741865086204 Current Epsilon: 0.8720410946443141
Step #36 Reward:-70.83696928527206 Current Epsilon: 0.8686341620881621
Step #37 Reward:-16.368506616606624 Current Epsilon: 0.8652406943070822
Step #38 Reward:-26.407417993792023 Current Epsilon: 0.8618606380860001
Step #39 Reward:-3.0845879316329956 Current Epsilon: 0.8584939404201573
Step #40 Reward:-10.64144703745842 Current Epsilon: 0.8551405485142785
Step #41 Reward:-26.40741742193427 Current Epsilon: 0.8518004097817444
Step #42 Reward:-13.752145491414922 Current Epsilon: 0.8484734718437674
Step #43 Reward:-73.60754314606311 Current Epsilon: 0.8451596825285689
Step #44 Reward:-16.04594332970612 Current Epsilon: 0.8418589898705627
Step #45 Reward:-9.626033029519022 Current Epsilon: 0.838571342109539
Step #46 Reward:-14.154099746877364 Current Epsilon: 0.8352966876898535
Step #47 Reward:-71.09055557847023 Current Epsilon: 0.8320349752596182
Step #48 Reward:-9.623837300074229 Current Epsilon: 0.8287861536698967
Step #49 Reward:-13.784495345680853 Current Epsilon: 0.8255501719739019
Step #50 Reward:-26.407417882594814 Current Epsilon: 0.8223269794261966
Step #51 Reward:-11.562529218994314 Current Epsilon: 0.8191165254818986
Step #52 Reward:-9.623826152643005 Current Epsilon: 0.8159187597958877
Step #53 Reward:-13.752134854017186 Current Epsilon: 0.8127336322220159
Step #54 Reward:-9.624060558504425 Current Epsilon: 0.8095610928123212
Step #55 Reward:-26.40742116208139 Current Epsilon: 0.806401091816245
Step #56 Reward:-10.649458370695356 Current Epsilon: 0.8032535796798504
Step #57 Reward:-27.82884050266216 Current Epsilon: 0.800118507045047
Step #58 Reward:-9.884568090783432 Current Epsilon: 0.7969958247488153
Step #59 Reward:-26.407419993483813 Current Epsilon: 0.7938854838224366
Step #60 Reward:-9.633522097021341 Current Epsilon: 0.7907874354907252
Step #61 Reward:-26.407417651265632 Current Epsilon: 0.7877016311712625
Step #62 Reward:-26.40741778825884 Current Epsilon: 0.7846280224736363
Step #63 Reward:-9.726363867521286 Current Epsilon: 0.7815665611986817
Step #64 Reward:-26.407422514328232 Current Epsilon: 0.7785171993377247
Step #65 Reward:-13.766057230809906 Current Epsilon: 0.7754798890718299
Step #66 Reward:-11.02370741800405 Current Epsilon: 0.7724545827710502
Step #67 Reward:-9.62384006627326 Current Epsilon: 0.7694412329936805
Step #68 Reward:-10.858354855328798 Current Epsilon: 0.7664397924855131
Step #69 Reward:-16.368507548365415 Current Epsilon: 0.7634502141790971
Step #70 Reward:-13.752136337953743 Current Epsilon: 0.760472451193
Step #71 Reward:-9.32031135142779 Current Epsilon: 0.7575064568310728
Step #72 Reward:-26.407418800060782 Current Epsilon: 0.7545521845817174
Step #73 Reward:-10.444443508982658 Current Epsilon: 0.7516095881171576
Step #74 Reward:-10.340712272423843 Current Epsilon: 0.7486786212927126
Step #75 Reward:-16.162888275352884 Current Epsilon: 0.7457592381460727
Step #76 Reward:-15.539945372140892 Current Epsilon: 0.7428513928965793
Step #77 Reward:-16.368508687955 Current Epsilon: 0.7399550399445072
Step #78 Reward:-26.407416967658378 Current Epsilon: 0.7370701338703479
Step #79 Reward:-11.74225241370732 Current Epsilon: 0.7341966294340997
Step #80 Reward:-26.40741930900083 Current Epsilon: 0.7313344815745565
Step #81 Reward:-20.694128425110534 Current Epsilon: 0.7284836454086016
Step #82 Reward:-9.624959441833198 Current Epsilon: 0.7256440762305042
Step #83 Reward:-9.67331114411354 Current Epsilon: 0.722815729511218
Step #84 Reward:-26.407418650714135 Current Epsilon: 0.7199985608976834
Step #85 Reward:-0.00556131629855372 Current Epsilon: 0.7171925262121313
Step #86 Reward:-11.658339322078973 Current Epsilon: 0.7143975814513903
Step #87 Reward:-26.407418163104126 Current Epsilon: 0.7116136827861976
Step #88 Reward:-15.917390407570565 Current Epsilon: 0.7088407865605109
Step #89 Reward:-12.283929724870177 Current Epsilon: 0.706078849290824
Step #90 Reward:-13.75213512116136 Current Epsilon: 0.7033278276654846
Step #91 Reward:-9.680441834032536 Current Epsilon: 0.7005876785440157
Step #92 Reward:-10.725971676409245 Current Epsilon: 0.6978583589564388
Step #93 Reward:-26.407417732058207 Current Epsilon: 0.6951398261025996
Step #94 Reward:-0.4903864460065961 Current Epsilon: 0.6924320373514979
Step #95 Reward:-13.752134805310561 Current Epsilon: 0.689734950240618
Step #96 Reward:-13.36259699679249 Current Epsilon: 0.6870485224752635
Step #97 Reward:-13.752141703989764 Current Epsilon: 0.6843727119278935
Step #98 Reward:-12.076571004741709 Current Epsilon: 0.6817074766374627
Step #99 Reward:-26.407418184260564 Current Epsilon: 0.6790527748087627
Step #100 Reward:-9.797738924622536 Current Epsilon: 0.6764085648117668
Step #101 Reward:-9.641759738326073 Current Epsilon: 0.6737748051809773
Step #102 Reward:-9.626502744853497 Current Epsilon: 0.6711514546147753
Step #103 Reward:-26.40741819614027 Current Epsilon: 0.6685384719747729
Step #104 Reward:-9.623868550814223 Current Epsilon: 0.6659358162851677
Step #105 Reward:-73.74897974729538 Current Epsilon: 0.6633434467321012
Step #106 Reward:-9.626040658913553 Current Epsilon: 0.6607613226630177
Step #107 Reward:-13.752133792326504 Current Epsilon: 0.6581894035860276
Step #108 Reward:-4.001029047591146 Current Epsilon: 0.6556276491692719
Step #109 Reward:-13.754080092534423 Current Epsilon: 0.65307601924029
Step #110 Reward:-11.188712779432535 Current Epsilon: 0.6505344737853899
Step #111 Reward:-26.407418309667833 Current Epsilon: 0.6480029729490202
Step #112 Reward:-26.407419551236444 Current Epsilon: 0.6454814770331455
Step #113 Reward:-1.283992052078247 Current Epsilon: 0.6429699464966239
Step #114 Reward:-11.525503732307698 Current Epsilon: 0.6404683419545864
Step #115 Reward:-66.95114736258984 Current Epsilon: 0.6379766241778202
Step #116 Reward:-4.119699056725949 Current Epsilon: 0.6354947540921526
Step #117 Reward:-13.120130428360426 Current Epsilon: 0.633022692777839
Step #118 Reward:-26.40741881762449 Current Epsilon: 0.6305604014689516
Step #119 Reward:-26.407419269801835 Current Epsilon: 0.6281078415527731
Step #120 Reward:-9.710953146219254 Current Epsilon: 0.6256649745691893
Step #121 Reward:-16.368509293062857 Current Epsilon: 0.6232317622100876
Step #122 Reward:-26.407417793662148 Current Epsilon: 0.6208081663187547
Step #123 Reward:-6.185390116763301 Current Epsilon: 0.6183941488892799
Step #124 Reward:-0.019451217725872993 Current Epsilon: 0.6159896720659581
Step #125 Reward:-0.2485810723155737 Current Epsilon: 0.613594698142696
Step #126 Reward:-0.2706353347748518 Current Epsilon: 0.6112091895624217
Step #127 Reward:-26.40741799577927 Current Epsilon: 0.6088331089164949
Step #128 Reward:-13.765036882832646 Current Epsilon: 0.6064664189441205
Step #129 Reward:-68.13952021300793 Current Epsilon: 0.6041090825317647
Step #130 Reward:-11.385362982749939 Current Epsilon: 0.6017610627125723
Step #131 Reward:-13.938257812236088 Current Epsilon: 0.5994223226657879
Step #132 Reward:-4.364424154162407 Current Epsilon: 0.5970928257161775
Step #133 Reward:-13.752134378632832 Current Epsilon: 0.5947725353334538
Step #134 Reward:-66.11952179670334 Current Epsilon: 0.5924614151317039
Step #135 Reward:-13.752162699482142 Current Epsilon: 0.5901594288688178
Step #136 Reward:-13.752148504217985 Current Epsilon: 0.5878665404459202
Step #137 Reward:-13.695253342177239 Current Epsilon: 0.5855827139068057
Step #138 Reward:-10.797690002480522 Current Epsilon: 0.5833079134373726
Step #139 Reward:-13.75214622567728 Current Epsilon: 0.5810421033650637
Step #140 Reward:-9.653332772199064 Current Epsilon: 0.578785248158305
Step #141 Reward:-9.62444485432934 Current Epsilon: 0.5765373124259499
Step #142 Reward:-9.625646749977022 Current Epsilon: 0.5742982609167231
Step #143 Reward:-13.848843427186921 Current Epsilon: 0.5720680585186688
Step #144 Reward:-26.407417273523265 Current Epsilon: 0.5698466702585993
Step #145 Reward:-74.0065439545433 Current Epsilon: 0.5676340613015468
Step #146 Reward:-17.430995852904744 Current Epsilon: 0.5654301969502175
Step #147 Reward:-13.752133487211381 Current Epsilon: 0.5632350426444469
Step #148 Reward:-26.407420381414454 Current Epsilon: 0.5610485639606584
Step #149 Reward:-26.407419040628497 Current Epsilon: 0.558870726611323
Step #150 Reward:-74.007805444533 Current Epsilon: 0.5567014964444219
Step #151 Reward:-12.024372399784625 Current Epsilon: 0.5545408394429107
Step #152 Reward:-0.684590257704258 Current Epsilon: 0.5523887217241865
Step #153 Reward:-26.40741891585469 Current Epsilon: 0.5502451095395561
Step #154 Reward:-10.331569224596024 Current Epsilon: 0.5481099692737064
Step #155 Reward:-9.623826489960948 Current Epsilon: 0.5459832674441781
Step #156 Reward:-71.20326595753431 Current Epsilon: 0.5438649707008405
Step #157 Reward:-4.042187628569081 Current Epsilon: 0.5417550458253677
Step #158 Reward:-78.12278963217977 Current Epsilon: 0.5396534597307185
Step #159 Reward:-65.86495941877365 Current Epsilon: 0.5375601794606177
Step #160 Reward:-12.50726586766541 Current Epsilon: 0.5354751721890382
Step #161 Reward:-74.66564093150646 Current Epsilon: 0.5333984052196873
Step #162 Reward:-13.75221850402886 Current Epsilon: 0.5313298459854935
Step #163 Reward:-9.775313378311694 Current Epsilon: 0.5292694620480961
Step #164 Reward:-9.10026952624321 Current Epsilon: 0.5272172210973358
Step #165 Reward:-13.752137511957244 Current Epsilon: 0.5251730909507493
Step #166 Reward:-10.992807563394308 Current Epsilon: 0.523137039553063
Step #167 Reward:-26.407417644864154 Current Epsilon: 0.5211090349756917
Step #168 Reward:-9.62648820085451 Current Epsilon: 0.5190890454162375
Step #169 Reward:-73.6415939591825 Current Epsilon: 0.5170770391979903
Step #170 Reward:-13.752386156906141 Current Epsilon: 0.5150729847694324
Step #171 Reward:-1.8693379033356905 Current Epsilon: 0.5130768507037429
Step #172 Reward:-11.27213505497275 Current Epsilon: 0.5110886056983047
Step #173 Reward:-11.74254065589048 Current Epsilon: 0.5091082185742143
Step #174 Reward:-9.62527761189267 Current Epsilon: 0.5071356582757924
Step #175 Reward:-69.13411986622668 Current Epsilon: 0.5051708938700971
Step #176 Reward:-26.40741861658728 Current Epsilon: 0.5032138945464383
Step #177 Reward:-9.672587962821126 Current Epsilon: 0.5012646296158957
Step #178 Reward:-48.64871364210205 Current Epsilon: 0.49932306851083613
Step #179 Reward:-73.31242617964745 Current Epsilon: 0.4973891807844353
Step #180 Reward:-26.40741780333701 Current Epsilon: 0.4954629361101998
Step #181 Reward:-9.714507483673515 Current Epsilon: 0.4935443042814917
Step #182 Reward:-13.800685451298477 Current Epsilon: 0.4916332552110547
Step #183 Reward:-9.865421183407307 Current Epsilon: 0.48972975893054266
Step #184 Reward:-26.407417268267523 Current Epsilon: 0.4878337855900492
Step #185 Reward:-13.757688945917835 Current Epsilon: 0.48594530545764
Step #186 Reward:-9.624681220855564 Current Epsilon: 0.4840642889188862
Step #187 Reward:-73.78475154656917 Current Epsilon: 0.48219070647640044
Step #188 Reward:-13.517434180073451 Current Epsilon: 0.48032452874937376
Step #189 Reward:-26.407418046794874 Current Epsilon: 0.4784657264731154
Step #190 Reward:-71.00313877873123 Current Epsilon: 0.4766142704985935
Step #191 Reward:-12.709966761779924 Current Epsilon: 0.47477013179197797
Step #192 Reward:-9.625672389287502 Current Epsilon: 0.4729332814341856
Step #193 Reward:-26.40741906851713 Current Epsilon: 0.4711036906204261
Step #194 Reward:-26.407420532678202 Current Epsilon: 0.4692813306597507
Step #195 Reward:-26.407417855255858 Current Epsilon: 0.4674661729746022
Step #196 Reward:-13.752134904211516 Current Epsilon: 0.46565818910036644
Step #197 Reward:-13.752133632756568 Current Epsilon: 0.46385735068492656
Step #198 Reward:-14.239132722550494 Current Epsilon: 0.46206362948821805
Step #199 Reward:-26.407419016701738 Current Epsilon: 0.4602769973817856
step = 200: loss = 0.02127351239323616
Step #200 Reward:-72.78407206013799 Current Epsilon: 0.4584974263483428
Step #201 Reward:-12.06541442219168 Current Epsilon: 0.45672488848133197
Step #202 Reward:-13.752143413650629 Current Epsilon: 0.4549593559844869
Step #203 Reward:-26.40741731645403 Current Epsilon: 0.45320080117139705
Step #204 Reward:-26.40741748616483 Current Epsilon: 0.45144919646507325
Step #205 Reward:-16.368511619324522 Current Epsilon: 0.4497045143975153
Step #206 Reward:-7.765443652868271 Current Epsilon: 0.447966727609281
Step #207 Reward:-26.407418335375837 Current Epsilon: 0.4462358088490575
Step #208 Reward:-13.752809965168126 Current Epsilon: 0.44451173097323377
Step #209 Reward:-16.368507504819718 Current Epsilon: 0.4427944669454748
Step #210 Reward:-1.612240344285965 Current Epsilon: 0.44108398983629776
Step #211 Reward:-13.75247496143129 Current Epsilon: 0.43938027282264985
Step #212 Reward:-71.85309007018805 Current Epsilon: 0.4376832891874874
Step #213 Reward:-13.908379053986664 Current Epsilon: 0.43599301231935705
Step #214 Reward:-26.407417292656987 Current Epsilon: 0.43430941571197856
Step #215 Reward:-72.73545815050602 Current Epsilon: 0.4326324729638287
Step #216 Reward:-4.243420523307577 Current Epsilon: 0.4309621577777277
Step #217 Reward:-67.26574996113777 Current Epsilon: 0.42929844396042677
Step #218 Reward:-10.149723261594772 Current Epsilon: 0.4276413054221973
Step #219 Reward:-13.75241712314164 Current Epsilon: 0.4259907161764215
Step #220 Reward:-0.16960575140547007 Current Epsilon: 0.4243466503391852
Step #221 Reward:-73.91242195474479 Current Epsilon: 0.42270908212887204
Step #222 Reward:-14.23804251983779 Current Epsilon: 0.4210779858657587
Step #223 Reward:-11.5682067964226 Current Epsilon: 0.4194533359716127
Step #224 Reward:-26.407417368836946 Current Epsilon: 0.41783510696929077
Step #225 Reward:-26.431176480823865 Current Epsilon: 0.41622327348233995
Step #226 Reward:-26.407418242128188 Current Epsilon: 0.41461781023459926
Step #227 Reward:-26.407415869322335 Current Epsilon: 0.4130186920498033
Step #228 Reward:-71.13610312342644 Current Epsilon: 0.41142589385118744
Step #229 Reward:-16.10289417207241 Current Epsilon: 0.4098393906610949
Step #230 Reward:-11.753672420978546 Current Epsilon: 0.40825915760058484
Step #231 Reward:-13.476974263578086 Current Epsilon: 0.40668516988904196
Step #232 Reward:-4.336424887180328 Current Epsilon: 0.4051174028437884
Step #233 Reward:-0.0028278426179895177 Current Epsilon: 0.40355583187969635
Step #234 Reward:-10.54420094168745 Current Epsilon: 0.40200043250880246
Step #235 Reward:-13.753377594595804 Current Epsilon: 0.4004511803399242
Step #236 Reward:-13.752143725003407 Current Epsilon: 0.3989080510782769
Step #237 Reward:-17.627718946069876 Current Epsilon: 0.39737102052509327
Step #238 Reward:-13.7521330702956 Current Epsilon: 0.39584006457724336
Step #239 Reward:-70.99326509027742 Current Epsilon: 0.394315159226857
Step #240 Reward:-9.688600208610296 Current Epsilon: 0.3927962805609473
Step #241 Reward:-17.627717461894576 Current Epsilon: 0.3912834047610354
Step #242 Reward:-17.430973994113742 Current Epsilon: 0.3897765081027771
Step #243 Reward:-26.407417682686855 Current Epsilon: 0.38827556695559085
Step #244 Reward:-9.636642646044493 Current Epsilon: 0.38678055778228737
Step #245 Reward:-26.407418738914544 Current Epsilon: 0.3852914571387
Step #246 Reward:-26.40741778279812 Current Epsilon: 0.3838082416733177
Step #247 Reward:-0.41248026862740517 Current Epsilon: 0.38233088812691834
Step #248 Reward:-11.145823917468078 Current Epsilon: 0.38085937333220427
Step #249 Reward:-20.694134402910777 Current Epsilon: 0.379393674213439
Step #250 Reward:-13.752139570613508 Current Epsilon: 0.3779337677860852
Step #251 Reward:-26.40741791511641 Current Epsilon: 0.3764796311564442
Step #252 Reward:-13.145971529893927 Current Epsilon: 0.3750312415212974
Step #253 Reward:-13.636182821108605 Current Epsilon: 0.3735885761675481
Step #254 Reward:-11.641878306865692 Current Epsilon: 0.3721516124718657
Step #255 Reward:-9.641142815351486 Current Epsilon: 0.37072032790033094
Step #256 Reward:-13.930041138446654 Current Epsilon: 0.36929470000808234
Step #257 Reward:-26.4074180180462 Current Epsilon: 0.36787470643896425
Step #258 Reward:-26.40741786789215 Current Epsilon: 0.36646032492517655
Step #259 Reward:-13.752286458729941 Current Epsilon: 0.365051533286925
Step #260 Reward:-11.19587592742755 Current Epsilon: 0.3636483094320738
Step #261 Reward:-26.40741763718154 Current Epsilon: 0.36225063135579916
Step #262 Reward:-13.87404958622733 Current Epsilon: 0.36085847714024366
Step #263 Reward:-11.390495957806706 Current Epsilon: 0.3594718249541732
Step #264 Reward:-26.40741870944521 Current Epsilon: 0.3580906530526347
Step #265 Reward:-0.5022166762501001 Current Epsilon: 0.3567149397766144
Step #266 Reward:-26.40741851664268 Current Epsilon: 0.3553446635526989
Step #267 Reward:-15.562696798238903 Current Epsilon: 0.3539798028927364
Step #268 Reward:-73.23872342985123 Current Epsilon: 0.3526203363935
Step #269 Reward:-13.752265810595418 Current Epsilon: 0.351266242736352
Step #270 Reward:-71.93400759994984 Current Epsilon: 0.3499175006869096
Step #271 Reward:-93.76063316158798 Current Epsilon: 0.34857408909471177
Step #272 Reward:-26.40741892415201 Current Epsilon: 0.34723598689288787
Step #273 Reward:-8.890532687306404 Current Epsilon: 0.34590317309782687
Step #274 Reward:-11.544020818570857 Current Epsilon: 0.34457562680884873
Step #275 Reward:-10.689446683973074 Current Epsilon: 0.3432533272078763
Step #276 Reward:-76.96019561319736 Current Epsilon: 0.341936253559109
Step #277 Reward:-10.792883854359388 Current Epsilon: 0.34062438520869787
Step #278 Reward:-9.640815440565348 Current Epsilon: 0.3393177015844212
Step #279 Reward:-13.752903178683482 Current Epsilon: 0.33801618219536234
Step #280 Reward:-69.60676614940166 Current Epsilon: 0.3367198066315881
Step #281 Reward:-9.834746032953262 Current Epsilon: 0.3354285545638289
Step #282 Reward:-12.90266881044954 Current Epsilon: 0.3341424057431599
Step #283 Reward:-26.407418358574887 Current Epsilon: 0.3328613400006834
Step #284 Reward:-18.320265012365894 Current Epsilon: 0.3315853372472125
Step #285 Reward:-26.40742069742373 Current Epsilon: 0.33031437747295644
Step #286 Reward:-0.4368349313735962 Current Epsilon: 0.3290484407472062
Step #287 Reward:-26.407418153730305 Current Epsilon: 0.3277875072180226
Step #288 Reward:-21.61694711457949 Current Epsilon: 0.32653155711192433
Step #289 Reward:-12.5868924890666 Current Epsilon: 0.32528057073357886
Step #290 Reward:-14.593364492058754 Current Epsilon: 0.3240345284654923
Step #291 Reward:-9.8993501663208 Current Epsilon: 0.3227934107677028
Step #292 Reward:-4.036411104607396 Current Epsilon: 0.3215571981774735
Step #293 Reward:-0.17153950408101082 Current Epsilon: 0.3203258713089879
Step #294 Reward:-13.752139413971236 Current Epsilon: 0.3190994108530451
Step #295 Reward:-13.752149304120394 Current Epsilon: 0.3178777975767579
Step #296 Reward:-11.800650180091907 Current Epsilon: 0.31666101232325045
Step #297 Reward:-9.62956329062581 Current Epsilon: 0.31544903601135815
Step #298 Reward:-70.99217333405977 Current Epsilon: 0.3142418496353285
Step #299 Reward:-26.407419000669847 Current Epsilon: 0.31303943426452274
Step #300 Reward:-10.025671631097794 Current Epsilon: 0.3118417710431195
Step #301 Reward:-13.752771552070044 Current Epsilon: 0.3106488411898186
Step #302 Reward:-9.630948254838586 Current Epsilon: 0.30946062599754687
Step #303 Reward:-26.407417861099248 Current Epsilon: 0.30827710683316445
Step #304 Reward:-9.624927235767245 Current Epsilon: 0.30709826513717314
Step #305 Reward:-1.7070275396108627 Current Epsilon: 0.3059240824234247
Step #306 Reward:-10.427177138626575 Current Epsilon: 0.30475454027883153
Step #307 Reward:-71.05403970181942 Current Epsilon: 0.30358962036307746
Step #308 Reward:-26.40741839639736 Current Epsilon: 0.30242930440833055
Step #309 Reward:-13.752140203398085 Current Epsilon: 0.3012735742189564
Step #310 Reward:-9.630342106334865 Current Epsilon: 0.3001224116712326
Step #311 Reward:-47.14674773812294 Current Epsilon: 0.2989757987130652
Step #312 Reward:-26.407416461284924 Current Epsilon: 0.2978337173637046
Step #313 Reward:-16.368509723857187 Current Epsilon: 0.2966961497134648
Step #314 Reward:-71.31756982207298 Current Epsilon: 0.2955630779234416
Step #315 Reward:-9.623849727620836 Current Epsilon: 0.2944344842252331
Step #316 Reward:-9.744711801409721 Current Epsilon: 0.29331035092066127
Step #317 Reward:-26.407416652432516 Current Epsilon: 0.2921906603814942
Step #318 Reward:-10.225693576037884 Current Epsilon: 0.29107539504916985
Step #319 Reward:-2.282851681113243 Current Epsilon: 0.2899645374345205
Step #320 Reward:-71.13820856064558 Current Epsilon: 0.28885807011749864
Step #321 Reward:-14.862510551170772 Current Epsilon: 0.28775597574690365
Step #322 Reward:-13.752137472899221 Current Epsilon: 0.28665823704010995
Step #323 Reward:-13.752137062305337 Current Epsilon: 0.2855648367827957
Step #324 Reward:-26.40741840274393 Current Epsilon: 0.284475757828673
Step #325 Reward:-13.775888471095186 Current Epsilon: 0.283390983099219
Step #326 Reward:-80.80145676215034 Current Epsilon: 0.2823104955834081
Step #327 Reward:-13.757091757084709 Current Epsilon: 0.28123427833744513
Step #328 Reward:-26.40741654798478 Current Epsilon: 0.2801623144844997
Step #329 Reward:-71.07941753044724 Current Epsilon: 0.2790945872144414
Step #330 Reward:-78.0057376678028 Current Epsilon: 0.2780310797835765
Step #331 Reward:-26.40741740339979 Current Epsilon: 0.27697177551438495
Step #332 Reward:-10.808260329984478 Current Epsilon: 0.2759166577952593
Step #333 Reward:-26.40741863543053 Current Epsilon: 0.27486571008024396
Step #334 Reward:-9.876080647110939 Current Epsilon: 0.2738189158887756
Step #335 Reward:-9.739665374159813 Current Epsilon: 0.272776258805425
Step #336 Reward:-9.623893419164233 Current Epsilon: 0.2717377224796395
Step #337 Reward:-20.694137916235718 Current Epsilon: 0.27070329062548654
Step #338 Reward:-12.423190145756962 Current Epsilon: 0.2696729470213983
Step #339 Reward:-73.81894665211439 Current Epsilon: 0.2686466755099176
Step #340 Reward:-0.040895162150263786 Current Epsilon: 0.26762445999744394
Step #341 Reward:-68.27643497101963 Current Epsilon: 0.2666062844539816
Step #342 Reward:-9.623830136540619 Current Epsilon: 0.2655921329128881
Step #343 Reward:-26.407419760665448 Current Epsilon: 0.2645819894706238
Step #344 Reward:-27.828842920619877 Current Epsilon: 0.2635758382865027
Step #345 Reward:-29.057352469945272 Current Epsilon: 0.2625736635824438
Step #346 Reward:-11.26746948249638 Current Epsilon: 0.26157544964272356
Step #347 Reward:-93.7606339766437 Current Epsilon: 0.26058118081372994
Step #348 Reward:-9.623827414762104 Current Epsilon: 0.25959084150371653
Step #349 Reward:-9.66115852445364 Current Epsilon: 0.25860441618255786
Step #350 Reward:-29.057351772347033 Current Epsilon: 0.25762188938150676
Step #351 Reward:-93.76063190199056 Current Epsilon: 0.2566432456929506
Step #352 Reward:-13.752134984426448 Current Epsilon: 0.25566846977017044
Step #353 Reward:-9.970975458621979 Current Epsilon: 0.2546975463271003
Step #354 Reward:-9.67749349027872 Current Epsilon: 0.25373046013808714
Step #355 Reward:-93.76063784913686 Current Epsilon: 0.2527671960376523
Step #356 Reward:-13.752134704675086 Current Epsilon: 0.25180773892025393
Step #357 Reward:-13.7521334994251 Current Epsilon: 0.2508520737400495
Step #358 Reward:-12.79291370511055 Current Epsilon: 0.2499001855106603
Step #359 Reward:-10.029448486864567 Current Epsilon: 0.2489520593049364
Step #360 Reward:-10.372651468962431 Current Epsilon: 0.2480076802547225
Step #361 Reward:-13.75568831153214 Current Epsilon: 0.24706703355062468
Step #362 Reward:-80.4992566369474 Current Epsilon: 0.24613010444177835
Step #363 Reward:-9.854840781539679 Current Epsilon: 0.24519687823561678
Step #364 Reward:-13.752468042512191 Current Epsilon: 0.24426734029764083
Step #365 Reward:-9.76791545189917 Current Epsilon: 0.24334147605118922
Step #366 Reward:-12.9749293501809 Current Epsilon: 0.24241927097721028
Step #367 Reward:-10.08964035473764 Current Epsilon: 0.241500710614034
Step #368 Reward:-13.753460264677415 Current Epsilon: 0.2405857805571453
Step #369 Reward:-3.550795629620552 Current Epsilon: 0.23967446645895837
Step #370 Reward:-11.535112682468025 Current Epsilon: 0.23876675402859132
Step #371 Reward:-13.752135109490496 Current Epsilon: 0.23786262903164232
Step #372 Reward:-16.368512004998138 Current Epsilon: 0.23696207728996624
Step #373 Reward:-71.17159171402454 Current Epsilon: 0.2360650846814525
Step #374 Reward:-75.56152568012476 Current Epsilon: 0.2351716371398033
Step #375 Reward:-10.14885029476136 Current Epsilon: 0.23428172065431352
Step #376 Reward:-13.752153218983949 Current Epsilon: 0.23339532126965049
Step #377 Reward:-13.76327171176672 Current Epsilon: 0.23251242508563547
Step #378 Reward:-80.4150965075604 Current Epsilon: 0.23163301825702554
Step #379 Reward:-0.11603783071041107 Current Epsilon: 0.23075708699329658
Step #380 Reward:-6.547222055494785 Current Epsilon: 0.22988461755842687
Step #381 Reward:-13.819416284561157 Current Epsilon: 0.229015596270682
Step #382 Reward:-9.623823705025302 Current Epsilon: 0.2281500095023998
Step #383 Reward:-13.752134354624104 Current Epsilon: 0.22728784367977709
Step #384 Reward:-73.15230740932748 Current Epsilon: 0.22642908528265665
Step #385 Reward:-9.693176850676537 Current Epsilon: 0.22557372084431523
Step #386 Reward:-26.4074174392465 Current Epsilon: 0.2247217369512522
Step #387 Reward:-13.344878347559643 Current Epsilon: 0.22387312024297965
Step #388 Reward:-9.631374387070537 Current Epsilon: 0.22302785741181236
Step #389 Reward:-78.9381596886775 Current Epsilon: 0.22218593520265936
Step #390 Reward:-0.08063396089710295 Current Epsilon: 0.22134734041281612
Step #391 Reward:-26.407418835398857 Current Epsilon: 0.22051205989175737
Step #392 Reward:-13.681241028841328 Current Epsilon: 0.21968008054093094
Step #393 Reward:-71.05405960977077 Current Epsilon: 0.21885138931355247
Step #394 Reward:-9.750163443386555 Current Epsilon: 0.21802597321440062
Step #395 Reward:-13.752181666437536 Current Epsilon: 0.21720381929961335
Step #396 Reward:-13.752134492242476 Current Epsilon: 0.21638491467648496
Step #397 Reward:-17.627723712510488 Current Epsilon: 0.21556924650326395
Step #398 Reward:-16.368510138974443 Current Epsilon: 0.21475680198895156
Step #399 Reward:-12.419553789473866 Current Epsilon: 0.21394756839310128
step = 400: loss = 0.014840172603726387
Step #400 Reward:-11.714497057488188 Current Epsilon: 0.21314153302561895
Step #401 Reward:-71.72144132852554 Current Epsilon: 0.21233868324656388
Step #402 Reward:-13.753059569583229 Current Epsilon: 0.21153900646595042
Step #403 Reward:-26.40741649973984 Current Epsilon: 0.2107424901435509
Step #404 Reward:-80.41509981260697 Current Epsilon: 0.2099491217886985
Step #405 Reward:-68.26085875928402 Current Epsilon: 0.20915888896009188
Step #406 Reward:-9.62384634997943 Current Epsilon: 0.20837177926559972
Step #407 Reward:-9.057195514440536 Current Epsilon: 0.2075877803620664
Step #408 Reward:-0.41580630838871 Current Epsilon: 0.2068068799551188
Step #409 Reward:-7.575041010975838 Current Epsilon: 0.20602906579897295
Step #410 Reward:-9.6397202052176 Current Epsilon: 0.20525432569624252
Step #411 Reward:-11.216932251598337 Current Epsilon: 0.20448264749774722
Step #412 Reward:-26.407418082533354 Current Epsilon: 0.20371401910232242
Step #413 Reward:-26.40741652348902 Current Epsilon: 0.20294842845662928
Step #414 Reward:-11.381706506945193 Current Epsilon: 0.20218586355496587
Step #415 Reward:-73.93980453748372 Current Epsilon: 0.20142631243907883
Step #416 Reward:-13.752133248338964 Current Epsilon: 0.20066976319797578
Step #417 Reward:-16.368507612349163 Current Epsilon: 0.19991620396773857
Step #418 Reward:-26.40741880292296 Current Epsilon: 0.19916562293133747
Step #419 Reward:-13.753040645387955 Current Epsilon: 0.19841800831844542
Step #420 Reward:-12.774949093918622 Current Epsilon: 0.1976733484052538
Step #421 Reward:-13.752313484423212 Current Epsilon: 0.19693163151428852
Step #422 Reward:-75.97487454469251 Current Epsilon: 0.1961928460142267
Step #423 Reward:-9.680584624409676 Current Epsilon: 0.19545698031971448
Step #424 Reward:-13.767075748182833 Current Epsilon: 0.1947240228911854
Step #425 Reward:-80.88667984954418 Current Epsilon: 0.19399396223467924
Step #426 Reward:-16.368510716834066 Current Epsilon: 0.19326678690166177
Step #427 Reward:-13.752342118066736 Current Epsilon: 0.19254248548884542
Step #428 Reward:-9.62824267335236 Current Epsilon: 0.1918210466380103
Step #429 Reward:-26.407418081330206 Current Epsilon: 0.1911024590358261
Step #430 Reward:-9.624796716496348 Current Epsilon: 0.19038671141367486
Step #431 Reward:-1.106161542236805 Current Epsilon: 0.1896737925474739
Step #432 Reward:-10.652834057807922 Current Epsilon: 0.18896369125750018
Step #433 Reward:-26.407413335346405 Current Epsilon: 0.18825639640821476
Step #434 Reward:-13.752230795973446 Current Epsilon: 0.18755189690808816
Step #435 Reward:-26.40741879222128 Current Epsilon: 0.18685018170942666
Step #436 Reward:-13.752135388260285 Current Epsilon: 0.18615123980819878
Step #437 Reward:-26.407419214821857 Current Epsilon: 0.18545506024386293
Step #438 Reward:-26.407419676521727 Current Epsilon: 0.18476163209919533
Step #439 Reward:-26.40741813615648 Current Epsilon: 0.18407094450011902
Step #440 Reward:-13.753330055857077 Current Epsilon: 0.18338298661553315
Step #441 Reward:-26.40741888175853 Current Epsilon: 0.18269774765714325
Step #442 Reward:-8.627078801393509 Current Epsilon: 0.18201521687929212
Step #443 Reward:-26.40741887456818 Current Epsilon: 0.18133538357879106
Step #444 Reward:-0.10469330288469791 Current Epsilon: 0.18065823709475223
Step #445 Reward:-26.407418570357436 Current Epsilon: 0.17998376680842146
Step #446 Reward:-26.40741955419412 Current Epsilon: 0.17931196214301173
Step #447 Reward:-26.407416756949488 Current Epsilon: 0.1786428125635372
Step #448 Reward:-26.407419497119122 Current Epsilon: 0.17797630757664812
Step #449 Reward:-14.013318230990876 Current Epsilon: 0.17731243673046623
Step #450 Reward:-26.40741842677687 Current Epsilon: 0.1766511896144209
Step #451 Reward:-26.40741797761723 Current Epsilon: 0.17599255585908571
Step #452 Reward:-67.68844583630562 Current Epsilon: 0.17533652513601614
Step #453 Reward:-9.62382744227034 Current Epsilon: 0.1746830871575873
Step #454 Reward:-13.752234936342575 Current Epsilon: 0.17403223167683288
Step #455 Reward:-9.869849309325218 Current Epsilon: 0.17338394848728417
Step #456 Reward:-16.368530391388504 Current Epsilon: 0.17273822742281025
Step #457 Reward:-16.368510250750546 Current Epsilon: 0.17209505835745845
Step #458 Reward:-9.885560244321823 Current Epsilon: 0.17145443120529555
Step #459 Reward:-9.73632650077343 Current Epsilon: 0.1708163359202497
Step #460 Reward:-10.993047781288624 Current Epsilon: 0.1701807624959527
Step #461 Reward:-0.308005565777421 Current Epsilon: 0.16954770096558344
Step #462 Reward:-13.752223860225058 Current Epsilon: 0.16891714140171124
Step #463 Reward:-26.4074189693996 Current Epsilon: 0.16828907391614029
Step #464 Reward:-66.52818369865417 Current Epsilon: 0.1676634886597546
Step #465 Reward:-12.028347229672363 Current Epsilon: 0.16704037582236367
Step #466 Reward:-26.40741841352758 Current Epsilon: 0.16641972563254837
Step #467 Reward:-26.407417561775787 Current Epsilon: 0.16580152835750805
Step #468 Reward:-13.75213627338951 Current Epsilon: 0.1651857743029076
Step #469 Reward:-9.706928059458733 Current Epsilon: 0.16457245381272567
Step #470 Reward:-0.1427233014255762 Current Epsilon: 0.16396155726910305
Step #471 Reward:-9.729430221021175 Current Epsilon: 0.163353075092192
Step #472 Reward:-0.008302262955112383 Current Epsilon: 0.1627469977400059
Step #473 Reward:-12.304315832764928 Current Epsilon: 0.1621433157082698
Step #474 Reward:-14.156232196182827 Current Epsilon: 0.1615420195302711
Step #475 Reward:-14.28757296509366 Current Epsilon: 0.16094309977671142
Step #476 Reward:-9.647424723953009 Current Epsilon: 0.16034654705555842
Step #477 Reward:-26.40741745952323 Current Epsilon: 0.15975235201189875
Step #478 Reward:-13.752139742464124 Current Epsilon: 0.1591605053277912
Step #479 Reward:-13.886365765335881 Current Epsilon: 0.15857099772212072
Step #480 Reward:-10.734221906401217 Current Epsilon: 0.15798381995045271
Step #481 Reward:-13.752217572440713 Current Epsilon: 0.15739896280488827
Step #482 Reward:-74.90434155985713 Current Epsilon: 0.15681641711391953
Step #483 Reward:-0.43126665614545345 Current Epsilon: 0.1562361737422861
Step #484 Reward:-71.6198017001152 Current Epsilon: 0.15565822359083156
Step #485 Reward:-0.00750461510324385 Current Epsilon: 0.15508255759636105
Step #486 Reward:-26.407416952939684 Current Epsilon: 0.1545091667314989
Step #487 Reward:-13.752273270540172 Current Epsilon: 0.1539380420045471
Step #488 Reward:-0.002717604089411907 Current Epsilon: 0.1533691744593445
Step #489 Reward:-11.580024500493892 Current Epsilon: 0.15280255517512617
Step #490 Reward:-72.14246375858784 Current Epsilon: 0.15223817526638342
Step #491 Reward:-9.626941815018654 Current Epsilon: 0.15167602588272483
Step #492 Reward:-9.74645346403122 Current Epsilon: 0.151116098208737
Step #493 Reward:-26.407419295265186 Current Epsilon: 0.15055838346384676
Step #494 Reward:-9.624414086109027 Current Epsilon: 0.15000287290218306
Step #495 Reward:-71.94988305338848 Current Epsilon: 0.14944955781244004
Step #496 Reward:-72.49401290714741 Current Epsilon: 0.14889842951774054
Step #497 Reward:-70.5701833665371 Current Epsilon: 0.1483494793754998
Step #498 Reward:-26.407419488406276 Current Epsilon: 0.14780269877728996
Step #499 Reward:-4.639777109026909 Current Epsilon: 0.14725807914870526
Traceback (most recent call last):
  File "/scratch/pseward/f6_drqn_pbest_threshold_random/main.py", line 80, in <module>
    main.train()
  File "/scratch/pseward/f6_drqn_pbest_threshold_random/main.py", line 17, in train
    self.agent.train()
  File "/scratch/pseward/f6_drqn_pbest_threshold_random/agents/drqn_agent.py", line 55, in train
    results_logger.save_log_statements(step=ep+1, actions=actions, train_loss=losses)
  File "/scratch/pseward/f6_drqn_pbest_threshold_random/logging_utils.py", line 111, in save_log_statements
    avg_return, avg_fitness = self.logging_strategy.compute_average_return(self.env, self.model, 4)
  File "/scratch/pseward/f6_drqn_pbest_threshold_random/logging_utils.py", line 64, in compute_average_return
    q_values = model.get_action_q_values(np.reshape(states, [1, model.config.trace_length, model.config.observation_length]))
  File "<__array_function__ internals>", line 180, in reshape
  File "/scratch/pseward/TF_RL2/lib/python3.10/site-packages/numpy/core/fromnumeric.py", line 298, in reshape
    return _wrapfunc(a, 'reshape', newshape, order=order)
  File "/scratch/pseward/TF_RL2/lib/python3.10/site-packages/numpy/core/fromnumeric.py", line 57, in _wrapfunc
    return bound(*args, **kwds)
ValueError: cannot reshape array of size 1500 into shape (1,20,150)
